#
# A fatal error has been detected by the Java Runtime Environment:
#
#  EXCEPTION_ACCESS_VIOLATION (0xc0000005) at pc=0x00007fffc302611e, pid=10672, tid=7812
#
# JRE version: OpenJDK Runtime Environment (15.0.2+10) (build 15.0.2+10)
# Java VM: OpenJDK 64-Bit Server VM (15.0.2+10, mixed mode, sharing, tiered, compressed oops, g1 gc, windows-amd64)
# Problematic frame:
# V  [jvm.dll+0x28611e]
#
# No core dump will be written. Minidumps are not enabled by default on client versions of Windows
#
# If you would like to submit a bug report, please visit:
#   https://bugreport.java.com/bugreport/crash.jsp
#

---------------  S U M M A R Y ------------

Command Line: -Dfile.encoding=UTF-8 simrskhanza.SIMRSKhanza

Host: Intel(R) Core(TM) i5-6600 CPU @ 3.30GHz, 4 cores, 15G,  Windows 10 , 64 bit Build 19041 (10.0.19041.3636)
Time: Thu Dec 21 13:35:44 2023 SE Asia Standard Time elapsed time: 20.897694 seconds (0d 0h 0m 20s)

---------------  T H R E A D  ---------------

Current thread (0x00000242dd9c1220):  ConcurrentGCThread "G1 Conc#0" [stack: 0x000000b3d1400000,0x000000b3d1500000] [id=7812]

Stack: [0x000000b3d1400000,0x000000b3d1500000],  sp=0x000000b3d14ff710,  free space=1021k
Native frames: (J=compiled Java code, j=interpreted, Vv=VM code, C=native code)
V  [jvm.dll+0x28611e]
V  [jvm.dll+0x294bc7]
V  [jvm.dll+0x29c237]
V  [jvm.dll+0x7c4860]
V  [jvm.dll+0x754a9a]
V  [jvm.dll+0x5f67b6]
C  [ucrtbase.dll+0x21bb2]
C  [KERNEL32.DLL+0x17344]
C  [ntdll.dll+0x526b1]


siginfo: EXCEPTION_ACCESS_VIOLATION (0xc0000005), reading address 0x00000000000000f8


Register to memory mapping:

RIP=0x00007fffc302611e jvm.dll
RAX=0x00000242dd980e78 points into unknown readable memory: 0x0000000000000000 | 00 00 00 00 00 00 00 00
RBX=0x0000000704a10a48 is pointing into object: javax.swing.DefaultListSelectionModel 
{0x0000000704a10a10} - klass: 'javax/swing/DefaultListSelectionModel'
RCX=0x0000000000000015 is an unknown value
RDX=0x0 is NULL
RSP=0x000000b3d14ff710 points into unknown readable memory: 0x0000000704a08540 | 40 85 a0 04 07 00 00 00
RBP=0x00000242dd9af6b0 points into unknown readable memory: 0x00000242dd9bfdf0 | f0 fd 9b dd 42 02 00 00
RSI=0x0000000800bf1e10 is pointing into metadata
RDI=0x0000000604a10a80 is an unknown value
R8 =0x0000000604a10a80 is an unknown value
R9 =0x0 is NULL
R10=0x0000000000000076 is an unknown value
R11=0x0000000000000246 is an unknown value
R12=0x0 is NULL
R13=0x000000b3d13ff5c0 points into unknown readable memory: 0x00007fffc363b198 | 98 b1 63 c3 ff 7f 00 00
R14=0x0000000800bf1e18 is a pointer to class: 
java.util.BitSet {0x0000000800bf1e20}
R15=0x0 is NULL


Registers:
RAX=0x00000242dd980e78, RBX=0x0000000704a10a48, RCX=0x0000000000000015, RDX=0x0000000000000000
RSP=0x000000b3d14ff710, RBP=0x00000242dd9af6b0, RSI=0x0000000800bf1e10, RDI=0x0000000604a10a80
R8 =0x0000000604a10a80, R9 =0x0000000000000000, R10=0x0000000000000076, R11=0x0000000000000246
R12=0x0000000000000000, R13=0x000000b3d13ff5c0, R14=0x0000000800bf1e18, R15=0x0000000000000000
RIP=0x00007fffc302611e, EFLAGS=0x0000000000010202

Top of Stack: (sp=0x000000b3d14ff710)
0x000000b3d14ff710:   0000000704a08540 00007fffc3026153
0x000000b3d14ff720:   0000000800c29e58 000000b3d14ff7b0
0x000000b3d14ff730:   0000000704a10a10 0000000704a10a4c
0x000000b3d14ff740:   000000b3d14ff7b0 00007fffc3034bc7
0x000000b3d14ff750:   0000000800bf1a60 000000b3d14ff7b0
0x000000b3d14ff760:   0000000704a10a10 0000000704a109d0
0x000000b3d14ff770:   00007fffc37c44f0 0000000704c00000
0x000000b3d14ff780:   0000000704a10a10 00007fffc303c237
0x000000b3d14ff790:   0000000000000008 0000000800bf1a60
0x000000b3d14ff7a0:   00000242dd9af760 0000000000000000
0x000000b3d14ff7b0:   00007fffc363ac20 0000000000000000
0x000000b3d14ff7c0:   0000024200000003 00000242dd96bd40
0x000000b3d14ff7d0:   00000242dd9af6b0 00007fff00000000
0x000000b3d14ff7e0:   0000000000000000 00000242dd9c1220
0x000000b3d14ff7f0:   0000000000000000 0000000000000000
0x000000b3d14ff800:   000000b3d14ff9c0 00007fffc3564860 

Instructions: (pc=0x00007fffc302611e)
0x00007fffc302601e:   48 0b c7 48 3b c3 75 da 40 32 ed 4c 8b 74 24 58
0x00007fffc302602e:   40 0f b6 c5 48 8b 6c 24 48 48 8b 7c 24 50 48 8b
0x00007fffc302603e:   5c 24 40 48 83 c4 20 41 5f 41 5c 5e c3 80 3d 2f
0x00007fffc302604e:   99 82 00 00 40 b5 01 74 15 8b 56 08 8b 0d f0 d9
0x00007fffc302605e:   79 00 48 d3 e2 48 03 15 de d9 79 00 eb 04 48 8b
0x00007fffc302606e:   56 08 48 8b ce e8 58 7a ee ff 8b 0d 22 a3 82 00
0x00007fffc302607e:   4c 63 f0 49 8b 87 08 03 00 00 4a 8b 1c e0 48 8b
0x00007fffc302608e:   43 18 8b 7b 68 48 8b 40 10 48 2b f0 48 d3 ee 8b
0x00007fffc302609e:   f6 48 23 fe 48 c1 e7 04 48 03 7b 48 8b 07 3b c6
0x00007fffc30260ae:   74 30 48 8b 4f 08 48 85 c9 74 10 8b d0 48 8b 43
0x00007fffc30260be:   38 48 8d 14 d0 ff 15 5f 7d 7b 00 48 c7 47 08 00
0x00007fffc30260ce:   00 00 00 89 37 48 ff 43 60 4c 01 77 08 e9 49 ff
0x00007fffc30260de:   ff ff 48 ff 43 58 4c 01 77 08 e9 3c ff ff ff cc
0x00007fffc30260ee:   cc cc 40 55 57 41 57 48 83 ec 20 48 8b 41 08 48
0x00007fffc30260fe:   8b e9 4d 8b c8 44 8b fa 49 8b f8 48 8b 80 00 01
0x00007fffc302610e:   00 00 8b 48 68 48 8b 40 58 49 d3 e9 4e 8b 0c c8
0x00007fffc302611e:   4d 3b 81 f8 00 00 00 72 0b 32 c0 48 83 c4 20 41
0x00007fffc302612e:   5f 5f 5d c3 48 89 5c 24 40 48 8b d7 48 8b 9d 98
0x00007fffc302613e:   00 00 00 48 89 74 24 48 48 8b cb 4c 89 74 24 50
0x00007fffc302614e:   48 8b 03 ff 10 8b 4b 18 48 8b d7 48 2b 53 08 be
0x00007fffc302615e:   01 00 00 00 48 8b 43 20 48 c1 ea 03 48 d3 ea 48
0x00007fffc302616e:   8b ca 48 c1 e9 06 48 8b 1c c8 4c 8d 34 c8 0f b6
0x00007fffc302617e:   ca 48 8b c3 80 e1 3f 48 d3 e6 48 0b c6 48 3b c3
0x00007fffc302618e:   74 26 4c 8b 0d 81 7c 7b 00 4c 8b c3 49 8b d6 48
0x00007fffc302619e:   8b c8 41 ff d1 48 8b c8 48 3b c3 74 2a 48 8b d8
0x00007fffc30261ae:   48 0b c6 48 3b c3 75 da 40 32 f6 4c 8b 74 24 50
0x00007fffc30261be:   40 0f b6 c6 48 8b 74 24 48 48 8b 5c 24 40 48 83
0x00007fffc30261ce:   c4 20 41 5f 5f 5d c3 80 3d a5 97 82 00 00 40 b6
0x00007fffc30261de:   01 74 15 8b 57 08 8b 0d 66 d8 79 00 48 d3 e2 48
0x00007fffc30261ee:   03 15 54 d8 79 00 eb 04 48 8b 57 08 48 8b cf e8
0x00007fffc30261fe:   ce 78 ee ff 8b 0d 98 a1 82 00 4c 63 f0 48 8b 85
0x00007fffc302620e:   08 03 00 00 4a 8b 1c f8 48 8b 43 18 48 8b 40 10 


Stack slot to memory mapping:
stack at sp + 0 slots: 0x0000000704a08540 is an oop: java.lang.ref.WeakReference 
{0x0000000704a08540} - klass: 'java/lang/ref/WeakReference'
stack at sp + 1 slots: 0x00007fffc3026153 jvm.dll
stack at sp + 2 slots: 0x0000000800c29e58 is a pointer to class: 
stack at sp + 3 slots: 0x000000b3d14ff7b0 points into unknown readable memory: 0x00007fffc363ac20 | 20 ac 63 c3 ff 7f 00 00
stack at sp + 4 slots: 0x0000000704a10a10 is an oop: javax.swing.DefaultListSelectionModel 
{0x0000000704a10a10} - klass: 'javax/swing/DefaultListSelectionModel'
stack at sp + 5 slots: 0x0000000704a10a4c is pointing into object: javax.swing.DefaultListSelectionModel 
{0x0000000704a10a10} - klass: 'javax/swing/DefaultListSelectionModel'
stack at sp + 6 slots: 0x000000b3d14ff7b0 points into unknown readable memory: 0x00007fffc363ac20 | 20 ac 63 c3 ff 7f 00 00
stack at sp + 7 slots: 0x00007fffc3034bc7 jvm.dll


---------------  P R O C E S S  ---------------

Threads class SMR info:
_java_thread_list=0x00000242831f3d60, length=18, elements={
0x00000242ffe03520, 0x00000242ffe040f0, 0x00000242ffe19d60, 0x00000242ffe1a720,
0x00000242ffe1d980, 0x0000024282803970, 0x0000024282808a00, 0x000002428280bba0,
0x0000024282a7df10, 0x0000024282a8be40, 0x00000242832f6270, 0x00000242832f6740,
0x00000242833f7fe0, 0x00000242837a8c10, 0x0000024283718760, 0x00000242dd95b260,
0x0000024283e80840, 0x0000024283a54b20
}

Java Threads: ( => current thread )
  0x00000242ffe03520 JavaThread "Reference Handler" daemon [_thread_blocked, id=18904, stack(0x000000b3d1800000,0x000000b3d1900000)]
  0x00000242ffe040f0 JavaThread "Finalizer" daemon [_thread_blocked, id=17876, stack(0x000000b3d1900000,0x000000b3d1a00000)]
  0x00000242ffe19d60 JavaThread "Signal Dispatcher" daemon [_thread_blocked, id=4504, stack(0x000000b3d1a00000,0x000000b3d1b00000)]
  0x00000242ffe1a720 JavaThread "Attach Listener" daemon [_thread_blocked, id=15732, stack(0x000000b3d1b00000,0x000000b3d1c00000)]
  0x00000242ffe1d980 JavaThread "Service Thread" daemon [_thread_blocked, id=13176, stack(0x000000b3d1c00000,0x000000b3d1d00000)]
  0x0000024282803970 JavaThread "C2 CompilerThread0" daemon [_thread_in_vm, id=2036, stack(0x000000b3d1d00000,0x000000b3d1e00000)]
  0x0000024282808a00 JavaThread "C1 CompilerThread0" daemon [_thread_blocked, id=17144, stack(0x000000b3d1e00000,0x000000b3d1f00000)]
  0x000002428280bba0 JavaThread "Sweeper thread" daemon [_thread_blocked, id=13316, stack(0x000000b3d1f00000,0x000000b3d2000000)]
  0x0000024282a7df10 JavaThread "Notification Thread" daemon [_thread_blocked, id=18828, stack(0x000000b3d2000000,0x000000b3d2100000)]
  0x0000024282a8be40 JavaThread "Common-Cleaner" daemon [_thread_blocked, id=13540, stack(0x000000b3d2200000,0x000000b3d2300000)]
  0x00000242832f6270 JavaThread "Java2D Disposer" daemon [_thread_blocked, id=3636, stack(0x000000b3d2700000,0x000000b3d2800000)]
  0x00000242832f6740 JavaThread "AWT-Shutdown" [_thread_blocked, id=8692, stack(0x000000b3d2800000,0x000000b3d2900000)]
  0x00000242833f7fe0 JavaThread "AWT-Windows" daemon [_thread_in_native, id=15936, stack(0x000000b3d2900000,0x000000b3d2a00000)]
  0x00000242837a8c10 JavaThread "AWT-EventQueue-0" [_thread_in_native, id=7116, stack(0x000000b3d2b00000,0x000000b3d2c00000)]
  0x0000024283718760 JavaThread "Swing-Shell" daemon [_thread_blocked, id=17768, stack(0x000000b3d2c00000,0x000000b3d2d00000)]
  0x00000242dd95b260 JavaThread "DestroyJavaVM" [_thread_blocked, id=19156, stack(0x000000b3d1100000,0x000000b3d1200000)]
  0x0000024283e80840 JavaThread "Abandoned connection cleanup thread" daemon [_thread_blocked, id=5288, stack(0x000000b3d3200000,0x000000b3d3300000)]
  0x0000024283a54b20 JavaThread "TimerQueue" daemon [_thread_blocked, id=132, stack(0x000000b3d3400000,0x000000b3d3500000)]

Other Threads:
  0x00000242ffdff0f0 VMThread "VM Thread" [stack: 0x000000b3d1700000,0x000000b3d1800000] [id=17336]
  0x0000024282a7e7f0 WatcherThread [stack: 0x000000b3d2100000,0x000000b3d2200000] [id=9396]
  0x00000242dd9aeed0 GCTaskThread "GC Thread#0" [stack: 0x000000b3d1200000,0x000000b3d1300000] [id=8212]
  0x0000024282a79e80 GCTaskThread "GC Thread#1" [stack: 0x000000b3d2300000,0x000000b3d2400000] [id=13024]
  0x0000024282a7b4d0 GCTaskThread "GC Thread#2" [stack: 0x000000b3d2400000,0x000000b3d2500000] [id=6080]
  0x0000024282a7a1b0 GCTaskThread "GC Thread#3" [stack: 0x000000b3d2500000,0x000000b3d2600000] [id=15212]
  0x00000242dd9bfdf0 ConcurrentGCThread "G1 Main Marker" [stack: 0x000000b3d1300000,0x000000b3d1400000] [id=7016]
=>0x00000242dd9c1220 ConcurrentGCThread "G1 Conc#0" [stack: 0x000000b3d1400000,0x000000b3d1500000] [id=7812]
  0x00000242dda244b0 ConcurrentGCThread "G1 Refine#0" [stack: 0x000000b3d1500000,0x000000b3d1600000] [id=18108]
  0x000002428407c380 ConcurrentGCThread "G1 Refine#1" [stack: 0x000000b3d3300000,0x000000b3d3400000] [id=17564]
  0x0000024285da0b50 ConcurrentGCThread "G1 Refine#2" [stack: 0x000000b3d3500000,0x000000b3d3600000] [id=13072]
  0x00000242ffc820c0 ConcurrentGCThread "G1 Young RemSet Sampling" [stack: 0x000000b3d1600000,0x000000b3d1700000] [id=14244]

Threads with active compile tasks:
C2 CompilerThread0    21041 4372       4       javax.swing.plaf.basic.BasicButtonListener::propertyChange (87 bytes)

VM state: not at safepoint (normal execution)

VM Mutex/Monitor currently owned by a thread: None

Heap address: 0x0000000702200000, size: 4062 MB, Compressed Oops mode: Zero based, Oop shift amount: 3
CDS archive(s) mapped at: [0x0000000800000000-0x0000000800b50000-0x0000000800b50000), size 11862016, SharedBaseAddress: 0x0000000800000000, ArchiveRelocationMode: 0.
Compressed class space mapped at: 0x0000000800b50000-0x0000000840b50000, size: 1073741824
Narrow klass base: 0x0000000800000000, Narrow klass shift: 3, Narrow klass range: 0x100000000

GC Precious Log:
 CPUs: 4 total, 4 available
 Memory: 16247M
 Large Page Support: Disabled
 NUMA Support: Disabled
 Compressed Oops: Enabled (Zero based)
 Heap Region Size: 2M
 Heap Min Capacity: 8M
 Heap Initial Capacity: 254M
 Heap Max Capacity: 4062M
 Pre-touch: Disabled
 Parallel Workers: 4
 Concurrent Workers: 1
 Concurrent Refinement Workers: 4
 Periodic GC: Disabled

Heap:
 garbage-first heap   total 102400K, used 48504K [0x0000000702200000, 0x0000000800000000)
  region size 2048K, 3 young (6144K), 2 survivors (4096K)
 Metaspace       used 35240K, capacity 35467K, committed 36176K, reserved 1081344K
  class space    used 4479K, capacity 4555K, committed 4608K, reserved 1048576K

Heap Regions: E=young(eden), S=young(survivor), O=old, HS=humongous(starts), HC=humongous(continues), CS=collection set, F=free, OA=open archive, CA=closed archive, TAMS=top-at-mark-start (previous, next)
|   0|0x0000000702200000, 0x0000000702400000, 0x0000000702400000|100%| O|  |TAMS 0x0000000702400000, 0x0000000702400000| Untracked 
|   1|0x0000000702400000, 0x0000000702600000, 0x0000000702600000|100%| O|  |TAMS 0x0000000702600000, 0x0000000702600000| Untracked 
|   2|0x0000000702600000, 0x0000000702800000, 0x0000000702800000|100%|HS|  |TAMS 0x0000000702800000, 0x0000000702800000| Complete 
|   3|0x0000000702800000, 0x0000000702a00000, 0x0000000702a00000|100%| O|  |TAMS 0x0000000702a00000, 0x0000000702a00000| Untracked 
|   4|0x0000000702a00000, 0x0000000702c00000, 0x0000000702c00000|100%| O|  |TAMS 0x0000000702c00000, 0x0000000702c00000| Untracked 
|   5|0x0000000702c00000, 0x0000000702e00000, 0x0000000702e00000|100%| O|  |TAMS 0x0000000702e00000, 0x0000000702e00000| Untracked 
|   6|0x0000000702e00000, 0x0000000703000000, 0x0000000703000000|100%| O|  |TAMS 0x0000000703000000, 0x0000000703000000| Untracked 
|   7|0x0000000703000000, 0x0000000703200000, 0x0000000703200000|100%| O|  |TAMS 0x0000000703200000, 0x0000000703200000| Untracked 
|   8|0x0000000703200000, 0x0000000703400000, 0x0000000703400000|100%| O|  |TAMS 0x0000000703400000, 0x0000000703400000| Untracked 
|   9|0x0000000703400000, 0x0000000703600000, 0x0000000703600000|100%| O|  |TAMS 0x0000000703600000, 0x0000000703600000| Untracked 
|  10|0x0000000703600000, 0x00000007036ef800, 0x0000000703800000| 46%| O|  |TAMS 0x00000007036ef800, 0x00000007036ef800| Untracked 
|  11|0x0000000703800000, 0x0000000703a00000, 0x0000000703a00000|100%| O|  |TAMS 0x0000000703800000, 0x0000000703a00000| Untracked 
|  12|0x0000000703a00000, 0x0000000703c00000, 0x0000000703c00000|100%| O|  |TAMS 0x0000000703a00000, 0x0000000703c00000| Untracked 
|  13|0x0000000703c00000, 0x0000000703e00000, 0x0000000703e00000|100%| O|  |TAMS 0x0000000703c00000, 0x0000000703e00000| Untracked 
|  14|0x0000000703e00000, 0x0000000704000000, 0x0000000704000000|100%|HS|  |TAMS 0x0000000703e00000, 0x0000000704000000| Complete 
|  15|0x0000000704000000, 0x0000000704200000, 0x0000000704200000|100%| O|  |TAMS 0x0000000704000000, 0x0000000704200000| Untracked 
|  16|0x0000000704200000, 0x0000000704400000, 0x0000000704400000|100%| O|  |TAMS 0x0000000704200000, 0x0000000704400000| Untracked 
|  17|0x0000000704400000, 0x0000000704600000, 0x0000000704600000|100%| O|  |TAMS 0x0000000704400000, 0x0000000704600000| Untracked 
|  18|0x0000000704600000, 0x0000000704800000, 0x0000000704800000|100%| O|  |TAMS 0x0000000704600000, 0x0000000704800000| Untracked 
|  19|0x0000000704800000, 0x0000000704a00000, 0x0000000704a00000|100%| O|  |TAMS 0x0000000704800000, 0x0000000704800000| Untracked 
|  20|0x0000000704a00000, 0x0000000704c00000, 0x0000000704c00000|100%| O|  |TAMS 0x0000000704a00000, 0x0000000704a00000| Untracked 
|  21|0x0000000704c00000, 0x0000000704cb1000, 0x0000000704e00000| 34%| O|  |TAMS 0x0000000704c00000, 0x0000000704c00000| Untracked 
|  22|0x0000000704e00000, 0x0000000704e00000, 0x0000000705000000|  0%| F|  |TAMS 0x0000000704e00000, 0x0000000704e00000| Untracked 
|  23|0x0000000705000000, 0x0000000705200000, 0x0000000705200000|100%| O|  |TAMS 0x0000000705000000, 0x000000070502d800| Untracked 
|  24|0x0000000705200000, 0x0000000705200000, 0x0000000705400000|  0%| F|  |TAMS 0x0000000705200000, 0x0000000705200000| Untracked 
|  25|0x0000000705400000, 0x0000000705400000, 0x0000000705600000|  0%| F|  |TAMS 0x0000000705400000, 0x0000000705400000| Untracked 
|  26|0x0000000705600000, 0x0000000705600000, 0x0000000705800000|  0%| F|  |TAMS 0x0000000705600000, 0x0000000705600000| Untracked 
|  27|0x0000000705800000, 0x0000000705800000, 0x0000000705a00000|  0%| F|  |TAMS 0x0000000705800000, 0x0000000705800000| Untracked 
|  28|0x0000000705a00000, 0x0000000705a00000, 0x0000000705c00000|  0%| F|  |TAMS 0x0000000705a00000, 0x0000000705a00000| Untracked 
|  29|0x0000000705c00000, 0x0000000705c00000, 0x0000000705e00000|  0%| F|  |TAMS 0x0000000705c00000, 0x0000000705c00000| Untracked 
|  30|0x0000000705e00000, 0x0000000705e00000, 0x0000000706000000|  0%| F|  |TAMS 0x0000000705e00000, 0x0000000705e00000| Untracked 
|  31|0x0000000706000000, 0x0000000706000000, 0x0000000706200000|  0%| F|  |TAMS 0x0000000706000000, 0x0000000706000000| Untracked 
|  32|0x0000000706200000, 0x0000000706200000, 0x0000000706400000|  0%| F|  |TAMS 0x0000000706200000, 0x0000000706200000| Untracked 
|  33|0x0000000706400000, 0x0000000706400000, 0x0000000706600000|  0%| F|  |TAMS 0x0000000706400000, 0x0000000706400000| Untracked 
|  34|0x0000000706600000, 0x0000000706600000, 0x0000000706800000|  0%| F|  |TAMS 0x0000000706600000, 0x0000000706600000| Untracked 
|  35|0x0000000706800000, 0x0000000706800000, 0x0000000706a00000|  0%| F|  |TAMS 0x0000000706800000, 0x0000000706800000| Untracked 
|  36|0x0000000706a00000, 0x0000000706a00000, 0x0000000706c00000|  0%| F|  |TAMS 0x0000000706a00000, 0x0000000706a00000| Untracked 
|  37|0x0000000706c00000, 0x0000000706c00000, 0x0000000706e00000|  0%| F|  |TAMS 0x0000000706c00000, 0x0000000706c00000| Untracked 
|  38|0x0000000706e00000, 0x0000000706fbd890, 0x0000000707000000| 87%| S|CS|TAMS 0x0000000706e00000, 0x0000000706e00000| Complete 
|  39|0x0000000707000000, 0x0000000707200000, 0x0000000707200000|100%| S|CS|TAMS 0x0000000707000000, 0x0000000707000000| Complete 
|  40|0x0000000707200000, 0x0000000707200000, 0x0000000707400000|  0%| F|  |TAMS 0x0000000707200000, 0x0000000707200000| Untracked 
|  41|0x0000000707400000, 0x0000000707400000, 0x0000000707600000|  0%| F|  |TAMS 0x0000000707400000, 0x0000000707400000| Untracked 
|  42|0x0000000707600000, 0x0000000707600000, 0x0000000707800000|  0%| F|  |TAMS 0x0000000707600000, 0x0000000707600000| Untracked 
|  43|0x0000000707800000, 0x0000000707800000, 0x0000000707a00000|  0%| F|  |TAMS 0x0000000707800000, 0x0000000707800000| Untracked 
|  44|0x0000000707a00000, 0x0000000707a00000, 0x0000000707c00000|  0%| F|  |TAMS 0x0000000707a00000, 0x0000000707a00000| Untracked 
|  45|0x0000000707c00000, 0x0000000707c00000, 0x0000000707e00000|  0%| F|  |TAMS 0x0000000707c00000, 0x0000000707c00000| Untracked 
| 117|0x0000000710c00000, 0x0000000710c00000, 0x0000000710e00000|  0%| F|  |TAMS 0x0000000710c00000, 0x0000000710c00000| Untracked 
| 118|0x0000000710e00000, 0x0000000710e00000, 0x0000000711000000|  0%| F|  |TAMS 0x0000000710e00000, 0x0000000710e00000| Untracked 
| 125|0x0000000711c00000, 0x0000000711c00000, 0x0000000711e00000|  0%| F|  |TAMS 0x0000000711c00000, 0x0000000711c00000| Untracked 
| 126|0x0000000711e00000, 0x0000000711eecc20, 0x0000000712000000| 46%| E|  |TAMS 0x0000000711e00000, 0x0000000711e00000| Complete 

Card table byte_map: [0x00000242f6a10000,0x00000242f7200000] _byte_map_base: 0x00000242f31ff000

Marking Bits (Prev, Next): (CMBitMap*) 0x00000242dd9af700, (CMBitMap*) 0x00000242dd9af6c0
 Prev Bits: [0x00000242fb970000, 0x00000242ff8e8000)
 Next Bits: [0x00000242f79f0000, 0x00000242fb968000)

Polling page: 0x00000242db7a0000

Metaspace:

Usage:
  Non-class:     30.19 MB capacity,    30.04 MB (>99%) used,   113.33 KB ( <1%) free+waste,    38.06 KB ( <1%) overhead. 
      Class:      4.45 MB capacity,     4.37 MB ( 98%) used,    61.48 KB (  1%) free+waste,    13.94 KB ( <1%) overhead. 
       Both:     34.64 MB capacity,    34.41 MB (>99%) used,   174.81 KB ( <1%) free+waste,    52.00 KB ( <1%) overhead. 

Virtual space:
  Non-class space:       32.00 MB reserved,      30.83 MB ( 96%) committed 
      Class space:        1.00 GB reserved,       4.50 MB ( <1%) committed 
             Both:        1.03 GB reserved,      35.33 MB (  3%) committed 

Chunk freelists:
   Non-Class:  432.00 KB
       Class:  21.00 KB
        Both:  453.00 KB

MaxMetaspaceSize: 17179869184.00 GB
CompressedClassSpaceSize: 1.00 GB

CodeHeap 'non-profiled nmethods': size=120000Kb used=2429Kb max_used=2429Kb free=117570Kb
 bounds [0x00000242eecf0000, 0x00000242eef60000, 0x00000242f6220000]
CodeHeap 'profiled nmethods': size=120000Kb used=9120Kb max_used=9120Kb free=110879Kb
 bounds [0x00000242e77c0000, 0x00000242e80b0000, 0x00000242eecf0000]
CodeHeap 'non-nmethods': size=5760Kb used=1395Kb max_used=1482Kb free=4364Kb
 bounds [0x00000242e7220000, 0x00000242e7490000, 0x00000242e77c0000]
 total_blobs=5089 nmethods=4378 adapters=622
 compilation: enabled
              stopped_count=0, restarted_count=0
 full_count=0

Compilation events (20 events):
Event: 20.771 Thread 0x0000024282803970 nmethod 4338 0x00000242eef43b10 code [0x00000242eef43c80, 0x00000242eef43d18]
Event: 20.772 Thread 0x0000024282803970 4339   !   4       java.awt.Container::mixOnReshaping (149 bytes)
Event: 20.774 Thread 0x0000024282808a00 4340       3       javax.swing.text.PlainView::calculateLongestLine (98 bytes)
Event: 20.775 Thread 0x0000024282808a00 nmethod 4340 0x00000242e808b290 code [0x00000242e808b4e0, 0x00000242e808c238]
Event: 20.778 Thread 0x0000024282803970 nmethod 4339 0x00000242eef43e10 code [0x00000242eef44040, 0x00000242eef44810]
Event: 20.786 Thread 0x0000024282808a00 4341   !   3       javax.swing.text.PlainDocument::insertUpdate (410 bytes)
Event: 20.788 Thread 0x0000024282808a00 nmethod 4341 0x00000242e808c590 code [0x00000242e808ca80, 0x00000242e80902d8]
Event: 20.811 Thread 0x0000024282808a00 4342       3       javax.swing.DefaultListSelectionModel::contains (16 bytes)
Event: 20.811 Thread 0x0000024282808a00 nmethod 4342 0x00000242e8091c90 code [0x00000242e8091e20, 0x00000242e8091fb8]
Event: 20.827 Thread 0x0000024282808a00 4343       3       java.util.Vector::contains (15 bytes)
Event: 20.827 Thread 0x0000024282808a00 nmethod 4343 0x00000242e8092090 code [0x00000242e8092240, 0x00000242e8092468]
Event: 20.827 Thread 0x0000024282803970 4344   !   4       java.awt.EventQueue::removeSourceEvents (316 bytes)
Event: 20.829 Thread 0x0000024282808a00 4345       3       javax.swing.text.BoxView::checkRequests (85 bytes)
Event: 20.830 Thread 0x0000024282808a00 nmethod 4345 0x00000242e8092510 code [0x00000242e8092700, 0x00000242e8092d18]
Event: 20.830 Thread 0x0000024282808a00 4346       3       fungsi.batasInput::<init> (10 bytes)
Event: 20.831 Thread 0x0000024282808a00 nmethod 4346 0x00000242e8092e90 code [0x00000242e8093020, 0x00000242e8093178]
Event: 20.866 Thread 0x0000024282808a00 4348       3       java.net.Socket$SocketInputStream::available (8 bytes)
Event: 20.866 Thread 0x0000024282808a00 nmethod 4348 0x00000242e8093210 code [0x00000242e80933c0, 0x00000242e8093588]
Event: 20.866 Thread 0x0000024282808a00 4349       3       sun.nio.ch.NioSocketImpl$1::available (8 bytes)
Event: 20.866 Thread 0x0000024282808a00 nmethod 4349 0x00000242e8093690 code [0x00000242e8093840, 0x00000242e8093988]

GC Heap History (16 events):
Event: 0.290 GC heap before
{Heap before GC invocations=0 (full 0):
 garbage-first heap   total 260096K, used 10240K [0x0000000702200000, 0x0000000800000000)
  region size 2048K, 6 young (12288K), 0 survivors (0K)
 Metaspace       used 336K, capacity 4480K, committed 4480K, reserved 1056768K
  class space    used 9K, capacity 384K, committed 384K, reserved 1048576K
}
Event: 0.297 GC heap after
{Heap after GC invocations=1 (full 0):
 garbage-first heap   total 260096K, used 4120K [0x0000000702200000, 0x0000000800000000)
  region size 2048K, 1 young (2048K), 1 survivors (2048K)
 Metaspace       used 336K, capacity 4480K, committed 4480K, reserved 1056768K
  class space    used 9K, capacity 384K, committed 384K, reserved 1048576K
}
Event: 0.434 GC heap before
{Heap before GC invocations=1 (full 0):
 garbage-first heap   total 260096K, used 16408K [0x0000000702200000, 0x0000000800000000)
  region size 2048K, 7 young (14336K), 1 survivors (2048K)
 Metaspace       used 591K, capacity 4480K, committed 4480K, reserved 1056768K
  class space    used 18K, capacity 384K, committed 384K, reserved 1048576K
}
Event: 0.437 GC heap after
{Heap after GC invocations=2 (full 0):
 garbage-first heap   total 260096K, used 16606K [0x0000000702200000, 0x0000000800000000)
  region size 2048K, 1 young (2048K), 1 survivors (2048K)
 Metaspace       used 591K, capacity 4480K, committed 4480K, reserved 1056768K
  class space    used 18K, capacity 384K, committed 384K, reserved 1048576K
}
Event: 1.486 GC heap before
{Heap before GC invocations=2 (full 0):
 garbage-first heap   total 260096K, used 30942K [0x0000000702200000, 0x0000000800000000)
  region size 2048K, 9 young (18432K), 1 survivors (2048K)
 Metaspace       used 13899K, capacity 14146K, committed 14464K, reserved 1062912K
  class space    used 1563K, capacity 1648K, committed 1664K, reserved 1048576K
}
Event: 1.490 GC heap after
{Heap after GC invocations=3 (full 0):
 garbage-first heap   total 260096K, used 21482K [0x0000000702200000, 0x0000000800000000)
  region size 2048K, 2 young (4096K), 2 survivors (4096K)
 Metaspace       used 13899K, capacity 14146K, committed 14464K, reserved 1062912K
  class space    used 1563K, capacity 1648K, committed 1664K, reserved 1048576K
}
Event: 2.227 GC heap before
{Heap before GC invocations=3 (full 0):
 garbage-first heap   total 260096K, used 44010K [0x0000000702200000, 0x0000000800000000)
  region size 2048K, 14 young (28672K), 2 survivors (4096K)
 Metaspace       used 16745K, capacity 16904K, committed 17280K, reserved 1064960K
  class space    used 1810K, capacity 1873K, committed 1920K, reserved 1048576K
}
Event: 2.230 GC heap after
{Heap after GC invocations=4 (full 0):
 garbage-first heap   total 260096K, used 23756K [0x0000000702200000, 0x0000000800000000)
  region size 2048K, 2 young (4096K), 2 survivors (4096K)
 Metaspace       used 16745K, capacity 16904K, committed 17280K, reserved 1064960K
  class space    used 1810K, capacity 1873K, committed 1920K, reserved 1048576K
}
Event: 3.014 GC heap before
{Heap before GC invocations=4 (full 0):
 garbage-first heap   total 260096K, used 36044K [0x0000000702200000, 0x0000000800000000)
  region size 2048K, 10 young (20480K), 2 survivors (4096K)
 Metaspace       used 20755K, capacity 20942K, committed 21296K, reserved 1069056K
  class space    used 2294K, capacity 2362K, committed 2432K, reserved 1048576K
}
Event: 3.016 GC heap after
{Heap after GC invocations=5 (full 0):
 garbage-first heap   total 260096K, used 24651K [0x0000000702200000, 0x0000000800000000)
  region size 2048K, 2 young (4096K), 2 survivors (4096K)
 Metaspace       used 20755K, capacity 20942K, committed 21296K, reserved 1069056K
  class space    used 2294K, capacity 2362K, committed 2432K, reserved 1048576K
}
Event: 11.062 GC heap before
{Heap before GC invocations=6 (full 0):
 garbage-first heap   total 102400K, used 73803K [0x0000000702200000, 0x0000000800000000)
  region size 2048K, 27 young (55296K), 2 survivors (4096K)
 Metaspace       used 29652K, capacity 29939K, committed 30384K, reserved 1077248K
  class space    used 3427K, capacity 3497K, committed 3584K, reserved 1048576K
}
Event: 11.077 GC heap after
{Heap after GC invocations=7 (full 0):
 garbage-first heap   total 102400K, used 35043K [0x0000000702200000, 0x0000000800000000)
  region size 2048K, 4 young (8192K), 4 survivors (8192K)
 Metaspace       used 29652K, capacity 29939K, committed 30384K, reserved 1077248K
  class space    used 3427K, capacity 3497K, committed 3584K, reserved 1048576K
}
Event: 16.281 GC heap before
{Heap before GC invocations=7 (full 0):
 garbage-first heap   total 102400K, used 67811K [0x0000000702200000, 0x0000000800000000)
  region size 2048K, 19 young (38912K), 4 survivors (8192K)
 Metaspace       used 32380K, capacity 32637K, committed 33200K, reserved 1079296K
  class space    used 3971K, capacity 4075K, committed 4096K, reserved 1048576K
}
Event: 16.292 GC heap after
{Heap after GC invocations=8 (full 0):
 garbage-first heap   total 102400K, used 44148K [0x0000000702200000, 0x0000000800000000)
  region size 2048K, 3 young (6144K), 3 survivors (6144K)
 Metaspace       used 32380K, capacity 32637K, committed 33200K, reserved 1079296K
  class space    used 3971K, capacity 4075K, committed 4096K, reserved 1048576K
}
Event: 20.878 GC heap before
{Heap before GC invocations=8 (full 0):
 garbage-first heap   total 102400K, used 60532K [0x0000000702200000, 0x0000000800000000)
  region size 2048K, 13 young (26624K), 3 survivors (6144K)
 Metaspace       used 35148K, capacity 35403K, committed 35920K, reserved 1081344K
  class space    used 4466K, capacity 4555K, committed 4608K, reserved 1048576K
}
Event: 20.886 GC heap after
{Heap after GC invocations=9 (full 0):
 garbage-first heap   total 102400K, used 48504K [0x0000000702200000, 0x0000000800000000)
  region size 2048K, 2 young (4096K), 2 survivors (4096K)
 Metaspace       used 35148K, capacity 35403K, committed 35920K, reserved 1081344K
  class space    used 4466K, capacity 4555K, committed 4608K, reserved 1048576K
}

Deoptimization events (20 events):
Event: 17.273 Thread 0x00000242837a8c10 DEOPT PACKING pc=0x00000242e8045941 sp=0x000000b3d2bfd860
Event: 17.273 Thread 0x00000242837a8c10 DEOPT UNPACKING pc=0x00000242e726e23f sp=0x000000b3d2bfcd28 mode 0
Event: 18.200 Thread 0x00000242837a8c10 DEOPT PACKING pc=0x00000242e8045941 sp=0x000000b3d2bfd860
Event: 18.200 Thread 0x00000242837a8c10 DEOPT UNPACKING pc=0x00000242e726e23f sp=0x000000b3d2bfcd28 mode 0
Event: 19.019 Thread 0x00000242837a8c10 DEOPT PACKING pc=0x00000242e8045941 sp=0x000000b3d2bfd870
Event: 19.019 Thread 0x00000242837a8c10 DEOPT UNPACKING pc=0x00000242e726e23f sp=0x000000b3d2bfcd38 mode 0
Event: 19.791 Thread 0x00000242837a8c10 DEOPT PACKING pc=0x00000242e8045941 sp=0x000000b3d2bfd7f0
Event: 19.791 Thread 0x00000242837a8c10 DEOPT UNPACKING pc=0x00000242e726e23f sp=0x000000b3d2bfccb8 mode 0
Event: 20.504 Thread 0x00000242837a8c10 DEOPT PACKING pc=0x00000242e8045941 sp=0x000000b3d2bfd6e0
Event: 20.504 Thread 0x00000242837a8c10 DEOPT UNPACKING pc=0x00000242e726e23f sp=0x000000b3d2bfcba8 mode 0
Event: 20.798 Thread 0x00000242837a8c10 Uncommon trap: trap_request=0xffffff45 fr.pc=0x00000242eef3baac relative=0x000000000000008c
Event: 20.798 Thread 0x00000242837a8c10 Uncommon trap: reason=unstable_if action=reinterpret pc=0x00000242eef3baac method=java.awt.Component.enable(Z)V @ 1 c2
Event: 20.798 Thread 0x00000242837a8c10 DEOPT PACKING pc=0x00000242eef3baac sp=0x000000b3d2bfe980
Event: 20.798 Thread 0x00000242837a8c10 DEOPT UNPACKING pc=0x00000242e726e42f sp=0x000000b3d2bfe848 mode 2
Event: 20.798 Thread 0x00000242837a8c10 Uncommon trap: trap_request=0xffffff45 fr.pc=0x00000242eef3c1a0 relative=0x0000000000000080
Event: 20.798 Thread 0x00000242837a8c10 Uncommon trap: reason=unstable_if action=reinterpret pc=0x00000242eef3c1a0 method=javax.swing.DefaultButtonModel.setEnabled(Z)V @ 10 c2
Event: 20.798 Thread 0x00000242837a8c10 DEOPT PACKING pc=0x00000242eef3c1a0 sp=0x000000b3d2bfe990
Event: 20.798 Thread 0x00000242837a8c10 DEOPT UNPACKING pc=0x00000242e726e42f sp=0x000000b3d2bfe920 mode 2
Event: 20.827 Thread 0x00000242837a8c10 DEOPT PACKING pc=0x00000242e8045941 sp=0x000000b3d2bfd700
Event: 20.827 Thread 0x00000242837a8c10 DEOPT UNPACKING pc=0x00000242e726e23f sp=0x000000b3d2bfcbc8 mode 0

Classes unloaded (0 events):
No events

Classes redefined (0 events):
No events

Internal exceptions (20 events):
Event: 0.536 Thread 0x00000242dd95b260 Exception <a 'java/io/FileNotFoundException'{0x0000000711c82520}> (0x0000000711c82520) 
thrown [./src/hotspot/share/prims/jni.cpp, line 578]
Event: 0.544 Thread 0x00000242dd95b260 Exception <a 'java/io/FileNotFoundException'{0x0000000711cb15d8}> (0x0000000711cb15d8) 
thrown [./src/hotspot/share/prims/jni.cpp, line 578]
Event: 0.544 Thread 0x00000242dd95b260 Exception <a 'java/lang/NoSuchMethodError'{0x0000000711cb2890}: 'java.lang.Object java.lang.invoke.DirectMethodHandle$Holder.invokeStatic(java.lang.Object)'> (0x0000000711cb2890) 
thrown [./src/hotspot/share/interpreter/linkResolver.cpp, line 782]
Event: 0.549 Thread 0x00000242dd95b260 Exception <a 'java/lang/NoSuchMethodError'{0x0000000711cbcd88}: 'void java.lang.invoke.DirectMethodHandle$Holder.invokeSpecial(java.lang.Object, java.lang.Object, java.lang.Object)'> (0x0000000711cbcd88) 
thrown [./src/hotspot/share/interpreter/linkResolver.cpp, line 782]
Event: 0.596 Thread 0x00000242dd95b260 Exception <a 'java/lang/NoSuchMethodError'{0x0000000711cfd648}: 'java.lang.Object java.lang.invoke.DirectMethodHandle$Holder.invokeStaticInit(java.lang.Object)'> (0x0000000711cfd648) 
thrown [./src/hotspot/share/interpreter/linkResolver.cpp, line 782]
Event: 0.637 Thread 0x00000242dd95b260 Exception <a 'java/lang/NoSuchMethodError'{0x0000000711db2ae0}: 'java.lang.Object java.lang.invoke.DirectMethodHandle$Holder.newInvokeSpecial(java.lang.Object, java.lang.Object, java.lang.Object, java.lang.Object, java.lang.Object)'> (0x0000000711db2ae0) 
thrown [./src/hotspot/share/interpreter/linkResolver.cpp, line 782]
Event: 0.639 Thread 0x00000242dd95b260 Exception <a 'java/lang/NoSuchMethodError'{0x0000000711dbe640}: 'java.lang.Object java.lang.invoke.DirectMethodHandle$Holder.invokeStatic(java.lang.Object, int, java.lang.Object, java.lang.Object, java.lang.Object, java.lang.Object)'> (0x0000000711dbe640) 
thrown [./src/hotspot/share/interpreter/linkResolver.cpp, line 782]
Event: 0.644 Thread 0x00000242dd95b260 Exception <a 'java/lang/NoSuchMethodError'{0x0000000711de4b40}: 'java.lang.Object java.lang.invoke.DirectMethodHandle$Holder.invokeStatic(java.lang.Object, int, java.lang.Object)'> (0x0000000711de4b40) 
thrown [./src/hotspot/share/interpreter/linkResolver.cpp, line 782]
Event: 0.667 Thread 0x00000242dd95b260 Exception <a 'java/lang/ClassNotFoundException'{0x0000000711a9fec8}: com/sun/swing/internal/plaf/metal/resources/spi/metalProvider> (0x0000000711a9fec8) 
thrown [./src/hotspot/share/classfile/systemDictionary.cpp, line 295]
Event: 0.667 Thread 0x00000242dd95b260 Exception <a 'java/lang/ClassNotFoundException'{0x0000000711aa4180}: com/sun/swing/internal/plaf/basic/resources/spi/basicProvider> (0x0000000711aa4180) 
thrown [./src/hotspot/share/classfile/systemDictionary.cpp, line 295]
Event: 0.668 Thread 0x00000242dd95b260 Exception <a 'java/lang/NoSuchMethodError'{0x0000000711aad078}: 'void java.lang.invoke.DirectMethodHandle$Holder.invokeStatic(java.lang.Object, java.lang.Object, java.lang.Object)'> (0x0000000711aad078) 
thrown [./src/hotspot/share/interpreter/linkResolver.cpp, line 782]
Event: 0.669 Thread 0x00000242dd95b260 Exception <a 'java/lang/NoSuchMethodError'{0x0000000711ab37e0}: 'void java.lang.invoke.DirectMethodHandle$Holder.invokeStatic(java.lang.Object, java.lang.Object)'> (0x0000000711ab37e0) 
thrown [./src/hotspot/share/interpreter/linkResolver.cpp, line 782]
Event: 0.679 Thread 0x00000242836388b0 Exception <a 'java/lang/NoSuchMethodError'{0x0000000711b03b78}: 'java.lang.Object java.lang.invoke.DirectMethodHandle$Holder.newInvokeSpecial(java.lang.Object, java.lang.Object, java.lang.Object, int, int, int, int, int)'> (0x0000000711b03b78) 
thrown [./src/hotspot/share/interpreter/linkResolver.cpp, line 782]
Event: 1.254 Thread 0x00000242837a8c10 Exception <a 'java/lang/NoSuchMethodError'{0x00000007117b4fa0}: 'java.lang.Object java.lang.invoke.DirectMethodHandle$Holder.invokeInterface(java.lang.Object, java.lang.Object)'> (0x00000007117b4fa0) 
thrown [./src/hotspot/share/interpreter/linkResolver.cpp, line 782]
Event: 1.381 Thread 0x00000242837a8c10 Exception <a 'java/lang/NoSuchMethodError'{0x00000007114e0698}: 'void java.lang.invoke.DirectMethodHandle$Holder.invokeStaticInit(java.lang.Object, java.lang.Object)'> (0x00000007114e0698) 
thrown [./src/hotspot/share/interpreter/linkResolver.cpp, line 782]
Event: 1.403 Thread 0x00000242837a8c10 Exception <a 'java/lang/NoSuchMethodError'{0x00000007115bc238}: 'java.lang.Object java.lang.invoke.DirectMethodHandle$Holder.invokeStaticInit(java.lang.Object, int, int, int, int)'> (0x00000007115bc238) 
thrown [./src/hotspot/share/interpreter/linkResolver.cpp, line 782]
Event: 1.404 Thread 0x00000242837a8c10 Exception <a 'sun/nio/fs/WindowsException'{0x00000007115c2b60}> (0x00000007115c2b60) 
thrown [./src/hotspot/share/prims/jni.cpp, line 578]
Event: 2.566 Thread 0x00000242836388b0 Implicit null exception at 0x00000242eed11b74 to 0x00000242eed12120
Event: 2.566 Thread 0x00000242836388b0 Implicit null exception at 0x00000242eed6c0f4 to 0x00000242eed6c690
Event: 2.626 Thread 0x00000242837a8c10 Exception <a 'java/lang/NoSuchMethodError'{0x00000007113a65c0}: 'void java.lang.invoke.DirectMethodHandle$Holder.invokeStaticInit(java.lang.Object)'> (0x00000007113a65c0) 
thrown [./src/hotspot/share/interpreter/linkResolver.cpp, line 782]

Events (20 events):
Event: 16.039 loading class javax/swing/GroupLayout$SpringDelta done
Event: 16.039 loading class javax/swing/LayoutStyle
Event: 16.039 loading class javax/swing/LayoutStyle done
Event: 16.039 loading class javax/swing/plaf/metal/MetalLookAndFeel$MetalLayoutStyle
Event: 16.039 loading class sun/swing/DefaultLayoutStyle
Event: 16.039 loading class sun/swing/DefaultLayoutStyle done
Event: 16.039 loading class javax/swing/plaf/metal/MetalLookAndFeel$MetalLayoutStyle done
Event: 16.039 loading class javax/swing/plaf/metal/MetalLookAndFeel$1
Event: 16.039 loading class javax/swing/plaf/metal/MetalLookAndFeel$1 done
Event: 16.155 Thread 0x00000242866c9010 Thread exited: 0x00000242866c9010
Event: 16.280 Executing VM operation: G1CollectForAllocation
Event: 16.292 Executing VM operation: G1CollectForAllocation done
Event: 16.292 Executing VM operation: HandshakeAllThreads
Event: 16.293 Executing VM operation: HandshakeAllThreads done
Event: 16.629 loading class java/io/FileWriter
Event: 16.629 loading class java/io/FileWriter done
Event: 17.301 Executing VM operation: HandshakeAllThreads
Event: 17.301 Executing VM operation: HandshakeAllThreads done
Event: 20.878 Executing VM operation: CollectForMetadataAllocation
Event: 20.887 Executing VM operation: CollectForMetadataAllocation done


Dynamic libraries:
0x00007ff714430000 - 0x00007ff71443d000 	C:\Program Files\BellSoft\LibericaJDK-15-Full\bin\java.exe
0x00007ff839610000 - 0x00007ff839808000 	C:\Windows\SYSTEM32\ntdll.dll
0x00007ff837ae0000 - 0x00007ff837b9d000 	C:\Windows\System32\KERNEL32.DLL
0x00007ff836fc0000 - 0x00007ff8372b6000 	C:\Windows\System32\KERNELBASE.dll
0x00007ff8374a0000 - 0x00007ff8375a0000 	C:\Windows\System32\ucrtbase.dll
0x00007ff831b10000 - 0x00007ff831b25000 	C:\Program Files\BellSoft\LibericaJDK-15-Full\bin\VCRUNTIME140.dll
0x00007ff8180c0000 - 0x00007ff8180d8000 	C:\Program Files\BellSoft\LibericaJDK-15-Full\bin\jli.dll
0x00007ff837940000 - 0x00007ff837ade000 	C:\Windows\System32\USER32.dll
0x00007ff8375a0000 - 0x00007ff8375c2000 	C:\Windows\System32\win32u.dll
0x00007ff839510000 - 0x00007ff83953c000 	C:\Windows\System32\GDI32.dll
0x00007ff836e50000 - 0x00007ff836f6a000 	C:\Windows\System32\gdi32full.dll
0x00007ff8360a0000 - 0x00007ff83633a000 	C:\Windows\WinSxS\amd64_microsoft.windows.common-controls_6595b64144ccf1df_6.0.19041.3636_none_60b6a03d71f818d5\COMCTL32.dll
0x00007ff8375d0000 - 0x00007ff83766d000 	C:\Windows\System32\msvcp_win.dll
0x00007ff8392f0000 - 0x00007ff83938e000 	C:\Windows\System32\msvcrt.dll
0x00007ff838540000 - 0x00007ff838570000 	C:\Windows\System32\IMM32.DLL
0x00007ff810670000 - 0x00007ff81070b000 	C:\Program Files\BellSoft\LibericaJDK-15-Full\bin\msvcp140.dll
0x00007fffc2da0000 - 0x00007fffc3930000 	C:\Program Files\BellSoft\LibericaJDK-15-Full\bin\server\jvm.dll
0x00007ff839390000 - 0x00007ff83943f000 	C:\Windows\System32\ADVAPI32.dll
0x00007ff837ba0000 - 0x00007ff837c3c000 	C:\Windows\System32\sechost.dll
0x00007ff8377b0000 - 0x00007ff8378d6000 	C:\Windows\System32\RPCRT4.dll
0x00007ff8380c0000 - 0x00007ff8380c8000 	C:\Windows\System32\PSAPI.DLL
0x00007fffa0020000 - 0x00007fffa0029000 	C:\Windows\SYSTEM32\WSOCK32.dll
0x00007ff825d20000 - 0x00007ff825d47000 	C:\Windows\SYSTEM32\WINMM.dll
0x00007ff8391a0000 - 0x00007ff83920b000 	C:\Windows\System32\WS2_32.dll
0x00007ff82eb80000 - 0x00007ff82eb8a000 	C:\Windows\SYSTEM32\VERSION.dll
0x00007ff833ed0000 - 0x00007ff833ee2000 	C:\Windows\SYSTEM32\kernel.appcore.dll
0x00007ff831c90000 - 0x00007ff831c9a000 	C:\Program Files\BellSoft\LibericaJDK-15-Full\bin\jimage.dll
0x00007ff836700000 - 0x00007ff8368e4000 	C:\Windows\SYSTEM32\DBGHELP.DLL
0x00007ff8364a0000 - 0x00007ff8364d4000 	C:\Windows\SYSTEM32\dbgcore.DLL
0x00007ff837410000 - 0x00007ff837492000 	C:\Windows\System32\bcryptPrimitives.dll
0x00007ff825f50000 - 0x00007ff825f75000 	C:\Program Files\BellSoft\LibericaJDK-15-Full\bin\java.dll
0x00007ff838a50000 - 0x00007ff839195000 	C:\Windows\System32\SHELL32.dll
0x00007ff8340d0000 - 0x00007ff83486b000 	C:\Windows\SYSTEM32\windows.storage.dll
0x00007ff838690000 - 0x00007ff8389e4000 	C:\Windows\System32\combase.dll
0x00007ff836030000 - 0x00007ff83605d000 	C:\Windows\SYSTEM32\Wldp.dll
0x00007ff839460000 - 0x00007ff83950d000 	C:\Windows\System32\SHCORE.dll
0x00007ff8389f0000 - 0x00007ff838a45000 	C:\Windows\System32\shlwapi.dll
0x00007ff836c20000 - 0x00007ff836c45000 	C:\Windows\SYSTEM32\profapi.dll
0x00007ff81f760000 - 0x00007ff81f779000 	C:\Program Files\BellSoft\LibericaJDK-15-Full\bin\net.dll
0x00007ff82e340000 - 0x00007ff82e44a000 	C:\Windows\SYSTEM32\WINHTTP.dll
0x00007ff835ed0000 - 0x00007ff835f3a000 	C:\Windows\system32\mswsock.dll
0x00007ff81f740000 - 0x00007ff81f752000 	C:\Program Files\BellSoft\LibericaJDK-15-Full\bin\nio.dll
0x00007ff81f720000 - 0x00007ff81f738000 	C:\Program Files\BellSoft\LibericaJDK-15-Full\bin\zip.dll
0x00007fffcbd90000 - 0x00007fffcbf29000 	C:\Program Files\BellSoft\LibericaJDK-15-Full\bin\awt.dll
0x00007ff8376e0000 - 0x00007ff8377ad000 	C:\Windows\System32\OLEAUT32.dll
0x00007ff833840000 - 0x00007ff8338d0000 	C:\Windows\SYSTEM32\apphelp.dll
0x00007ff833ae0000 - 0x00007ff833b7e000 	C:\Windows\system32\uxtheme.dll
0x00007ff838570000 - 0x00007ff838684000 	C:\Windows\System32\MSCTF.dll
0x00007ff837e50000 - 0x00007ff837f7b000 	C:\Windows\System32\ole32.dll
0x00007ff833cc0000 - 0x00007ff833cef000 	C:\Windows\system32\DWMAPI.DLL
0x00007ff817ef0000 - 0x00007ff817fa0000 	C:\Windows\WinSxS\amd64_microsoft.windows.common-controls_6595b64144ccf1df_5.82.19041.3636_none_7931fb75243f97c8\comctl32.dll
0x00007ff8115e0000 - 0x00007ff811662000 	C:\Program Files\BellSoft\LibericaJDK-15-Full\bin\freetype.dll
0x00007ff80ff00000 - 0x00007ff80ffa6000 	C:\Program Files\BellSoft\LibericaJDK-15-Full\bin\fontmanager.dll
0x00007ff8210d0000 - 0x00007ff8211f5000 	C:\Windows\system32\opengl32.dll
0x00007ff8210a0000 - 0x00007ff8210cc000 	C:\Windows\SYSTEM32\GLU32.dll
0x00007ff838010000 - 0x00007ff8380b9000 	C:\Windows\System32\clbcatq.dll
0x00007ff831b50000 - 0x00007ff831c46000 	C:\Windows\SYSTEM32\PROPSYS.dll
0x00007ff8261c0000 - 0x00007ff8261d7000 	C:\Windows\system32\NetworkExplorer.dll
0x00007ff836f70000 - 0x00007ff836fbe000 	C:\Windows\System32\CFGMGR32.dll
0x00007ff8118c0000 - 0x00007ff8118dd000 	C:\Windows\SYSTEM32\MPR.dll
0x00007ff834bf0000 - 0x00007ff834bfb000 	C:\Windows\System32\drprov.dll
0x00007ff8353b0000 - 0x00007ff83540b000 	C:\Windows\System32\WINSTA.dll
0x00007ff81fb30000 - 0x00007ff81fb4f000 	C:\Windows\System32\ntlanman.dll
0x00007ff81fb10000 - 0x00007ff81fb2e000 	C:\Windows\System32\davclnt.dll
0x00007ff826bb0000 - 0x00007ff826bbd000 	C:\Windows\System32\DAVHLPR.dll
0x00007ff835fd0000 - 0x00007ff835fe9000 	C:\Windows\System32\wkscli.dll
0x00007ff826be0000 - 0x00007ff826bf2000 	C:\Windows\SYSTEM32\cscapi.dll
0x00007ff835b90000 - 0x00007ff835b9c000 	C:\Windows\System32\netutils.dll
0x00007ffff7580000 - 0x00007ffff75d6000 	C:\Windows\System32\dlnashext.dll
0x00007ff8101e0000 - 0x00007ff810244000 	C:\Windows\System32\PlayToDevice.dll
0x00007ff8248b0000 - 0x00007ff8248d0000 	C:\Windows\System32\DevDispItemProvider.dll
0x00007ff82c510000 - 0x00007ff82c595000 	C:\Windows\System32\MMDevApi.dll
0x00007ff836a80000 - 0x00007ff836ab3000 	C:\Windows\System32\DEVOBJ.dll
0x00007fffcc1e0000 - 0x00007fffcc281000 	C:\Windows\system32\wpdshext.dll
0x00007ff826760000 - 0x00007ff826905000 	C:\Windows\WinSxS\amd64_microsoft.windows.gdiplus_6595b64144ccf1df_1.1.19041.3636_none_91a19322cc8a92a3\gdiplus.dll
0x00007ff830440000 - 0x00007ff8304e3000 	C:\Windows\System32\PortableDeviceApi.dll
0x00007ff8380d0000 - 0x00007ff83853e000 	C:\Windows\System32\SETUPAPI.dll
0x00007ff8372c0000 - 0x00007ff8372e7000 	C:\Windows\System32\bcrypt.dll
0x00007ff8373a0000 - 0x00007ff837407000 	C:\Windows\System32\WINTRUST.dll
0x00007ff836cf0000 - 0x00007ff836e4d000 	C:\Windows\System32\CRYPT32.dll
0x00007ff836480000 - 0x00007ff836492000 	C:\Windows\System32\MSASN1.dll
0x00007ff817cc0000 - 0x00007ff817cf7000 	C:\Windows\System32\EhStorShell.dll
0x00007ff817fa0000 - 0x00007ff817fc6000 	C:\Windows\System32\EhStorAPI.dll
0x00007ff831cb0000 - 0x00007ff831cc4000 	C:\Windows\System32\WTSAPI32.dll
0x00007ff80af80000 - 0x00007ff80af8d000 	C:\Windows\SYSTEM32\LINKINFO.dll
0x00007ff831310000 - 0x00007ff831320000 	C:\Program Files\BellSoft\LibericaJDK-15-Full\bin\verify.dll
0x00007ff835ac0000 - 0x00007ff835b8a000 	C:\Windows\SYSTEM32\DNSAPI.dll
0x00007ff835a80000 - 0x00007ff835abb000 	C:\Windows\SYSTEM32\IPHLPAPI.DLL
0x00007ff8395c0000 - 0x00007ff8395c8000 	C:\Windows\System32\NSI.dll
0x00007ff826390000 - 0x00007ff82639a000 	C:\Windows\System32\rasadhlp.dll
0x00007ff826620000 - 0x00007ff8266a0000 	C:\Windows\System32\fwpuclnt.dll
0x00007ff8307d0000 - 0x00007ff830984000 	C:\Windows\SYSTEM32\WindowsCodecs.dll
0x00007ff80a1b0000 - 0x00007ff80a1ee000 	C:\Windows\system32\dataexchange.dll
0x00007ff8329a0000 - 0x00007ff832c03000 	C:\Windows\system32\d3d11.dll
0x00007ff832c10000 - 0x00007ff832df3000 	C:\Windows\system32\dcomp.dll
0x00007ff834f40000 - 0x00007ff835033000 	C:\Windows\system32\dxgi.dll
0x00007ff830af0000 - 0x00007ff830cf3000 	C:\Windows\system32\twinapi.appcore.dll

dbghelp: loaded successfully - version: 4.0.5 - missing functions: none
symbol engine: initialized successfully - sym options: 0x614 - pdb path: .;C:\Program Files\BellSoft\LibericaJDK-15-Full\bin;C:\Windows\SYSTEM32;C:\Windows\WinSxS\amd64_microsoft.windows.common-controls_6595b64144ccf1df_6.0.19041.3636_none_60b6a03d71f818d5;C:\Program Files\BellSoft\LibericaJDK-15-Full\bin\server;C:\Windows\WinSxS\amd64_microsoft.windows.common-controls_6595b64144ccf1df_5.82.19041.3636_none_7931fb75243f97c8;C:\Windows\WinSxS\amd64_microsoft.windows.gdiplus_6595b64144ccf1df_1.1.19041.3636_none_91a19322cc8a92a3

VM Arguments:
jvm_args: -Dfile.encoding=UTF-8 
java_command: simrskhanza.SIMRSKhanza
java_class_path (initial): C:\Users\Public\lib2\commons-codec-1.10.jar;C:\Users\Public\lib2\calendar-src.jar;C:\Users\Public\lib2\calendar-doc.jar;C:\Users\Public\lib2\calendar.jar;C:\Users\Public\lib2\jcalendar-1.4.jar;C:\Users\Public\lib2\ant-1.7.1.jar;C:\Users\Public\lib2\apache-httpcomponents-httpclient.jar;C:\Users\Public\lib2\appframework-1.0.3.jar;C:\Users\Public\lib2\barbecue-1.5-beta1.jar;C:\Users\Public\lib2\batik-dom.jar;C:\Users\Public\lib2\groovy-all-2.4.7.jar;C:\Users\Public\lib2\bcel-5.2.jar;C:\Users\Public\lib2\bcprov-jdk15on-154.jar;C:\Users\Public\lib2\poi-4.1.0.jar;C:\Users\Public\lib2\beansbinding-1.2.1.jar;C:\Users\Public\lib2\bsh-2.0b4.jar;C:\Users\Public\lib2\com-jaspersoft-ireport.jar;C:\Users\Public\lib2\com.fasterxml.jackson.core.jar;C:\Users\Public\lib2\comm.jar;C:\Users\Public\lib2\common-javaFX-plugin.jar;C:\Users\Public\lib2\commons-javaflow-20060411.jar;C:\Users\Public\lib2\commons-logging-1.2.jar;C:\Users\Public\lib2\fluent-hc-4.5.1.jar;C:\Users\Public\lib2\fontbox-2.0.13.jar;C:\Users\Public\lib2\gson-2.2.2.jar;C:\Users\Public\lib2\hibernate3.jar;C:\Users\Public\lib2\hsqldb-1.8.0-10.jar;C:\Users\Public\lib2\httpclient-4.5.1.jar;C:\Users\Public\lib2\httpclient-cache-4.5.1.jar;C:\Users\Public\lib2\httpclient-win-4.5.1.jar;C:\Users\Public\lib2\httpcore-4.4.3.jar;C:\Users\Public\lib2\httpmime-4.5.1.jar;C:\Users\Public\lib2\iReport.jar;C:\Users\Public\lib2\jackson-all-1.9.0.jar;C:\Users\Public\lib2\java-json.jar;C:\Users\Public\lib2\javaFX-jps-plugin.jar;C:\Users\Public\lib2\javaFX.jar;C:\Users\Public\lib2\jaxen-1.1.1.jar;C:\Users\Public\lib2\jcommon-1.0.15.jar;C:\Users\Public\lib2\jdt-compiler-3.1.1.jar;C:\Users\Public\lib2\jfreechart-1.0.12.jar;C:\Users\Public\lib2\jl1.0.jar;C:\Users\Public\lib2\jna-4.1.0.jar;C:\Users\Public\lib2\jna-platform-4.1.0.jar;C:\Users\Public\lib2\jpa.jar;C:\Users\Public\lib2\junit-4.12.jar;C:\Users\Public\lib2\KhanzaSecurity16bit.jar;C:\Users\Public\lib2\log4j-1.2.15.jar;C:\Users\Public\lib2\mondrian-3.1.1.12
Launcher Type: SUN_STANDARD

[Global flags]
     intx CICompilerCount                          = 3                                         {product} {ergonomic}
     uint ConcGCThreads                            = 1                                         {product} {ergonomic}
     uint G1ConcRefinementThreads                  = 4                                         {product} {ergonomic}
   size_t G1HeapRegionSize                         = 2097152                                   {product} {ergonomic}
    uintx GCDrainStackTargetSize                   = 64                                        {product} {ergonomic}
   size_t InitialHeapSize                          = 266338304                                 {product} {ergonomic}
   size_t MarkStackSize                            = 4194304                                   {product} {ergonomic}
   size_t MaxHeapSize                              = 4259315712                                {product} {ergonomic}
   size_t MaxNewSize                               = 2554331136                                {product} {ergonomic}
   size_t MinHeapDeltaBytes                        = 2097152                                   {product} {ergonomic}
   size_t MinHeapSize                              = 8388608                                   {product} {ergonomic}
    uintx NonNMethodCodeHeapSize                   = 5832780                                {pd product} {ergonomic}
    uintx NonProfiledCodeHeapSize                  = 122912730                              {pd product} {ergonomic}
    uintx ProfiledCodeHeapSize                     = 122912730                              {pd product} {ergonomic}
    uintx ReservedCodeCacheSize                    = 251658240                              {pd product} {ergonomic}
     bool SegmentedCodeCache                       = true                                      {product} {ergonomic}
   size_t SoftMaxHeapSize                          = 4259315712                             {manageable} {ergonomic}
     bool UseCompressedClassPointers               = true                                 {lp64_product} {ergonomic}
     bool UseCompressedOops                        = true                                 {lp64_product} {ergonomic}
     bool UseG1GC                                  = true                                      {product} {ergonomic}
     bool UseLargePagesIndividualAllocation        = false                                  {pd product} {ergonomic}

Logging:
Log output configuration:
 #0: stdout all=warning uptime,level,tags
 #1: stderr all=off uptime,level,tags

Environment Variables:
JAVA_HOME=C:\Program Files\BellSoft\LibericaJDK-15-Full\
PATH=C:\Program Files\BellSoft\LibericaJDK-15-Full\bin\;C:\Windows\system32;C:\Windows;C:\Windows\System32\Wbem;C:\Windows\System32\WindowsPowerShell\v1.0\;C:\Windows\System32\OpenSSH\;C:\Program Files\Git\cmd;C:\Program Files\dotnet\;C:\Program Files (x86)\AOMEI\AOMEI Backupper\6.9.2;C:\Users\GINANJAR\AppData\Local\Microsoft\WindowsApps;C:\Users\GINANJAR\AppData\Local\Programs\Microsoft VS Code\bin;C:\xampp\php;C:\Users\GINANJAR\AppData\Local\ComposerSetup\bin;C:\Users\GINANJAR\AppData\Roaming\Composer\vendor\bin;C:\Users\GINANJAR\AppData\Local\GitHubDesktop\bin
USERNAME=GINANJAR
OS=Windows_NT
PROCESSOR_IDENTIFIER=Intel64 Family 6 Model 94 Stepping 3, GenuineIntel



---------------  S Y S T E M  ---------------

OS:
 Windows 10 , 64 bit Build 19041 (10.0.19041.3636)
OS uptime: 0 days 5:37 hours

CPU: total 4 (initial active 4) (4 cores per cpu, 1 threads per core) family 6 model 94 stepping 3 microcode 0xf2, cmov, cx8, fxsr, mmx, sse, sse2, sse3, ssse3, sse4.1, sse4.2, popcnt, vzeroupper, avx, avx2, aes, clmul, erms, rtm, 3dnowpref, lzcnt, tsc, tscinvbit, bmi1, bmi2, adx, fma, clflush, clflushopt

Memory: 4k page, system-wide physical 16247M (6775M free)
TotalPageFile size 23671M (AvailPageFile size 7984M)
current process WorkingSet (physical memory assigned to process): 229M, peak: 236M
current process commit charge ("private bytes"): 255M, peak: 386M

vm_info: OpenJDK 64-Bit Server VM (15.0.2+10) for windows-amd64 JRE (15.0.2+10), built on Jan 21 2021 08:07:14 by "" with MS VC++ 15.9 (VS2017)

END.
